<?xml version="1.0" encoding="UTF-8"?>
<!-- Generated by org.testng.reporters.JUnitXMLReporter -->
<testsuite ignored="0" hostname="AdrianPCGamer" failures="0" tests="3" name="Default test" time="10.418" errors="0" timestamp="2022-05-07T22:35:59 CDT">
  <testcase classname="testCase.TC02_Directory_Orange" name="Login" time="1.631"/>
  <testcase classname="testCase.TC02_Directory_Orange" name="DirctoryPage" time="5.065"/>
  <testcase classname="testCase.TC02_Directory_Orange" name="Validate" time="0.402"/>
</testsuite> <!-- Default test -->
