<?xml version="1.0" encoding="UTF-8"?>
<!-- Generated by org.testng.reporters.JUnitXMLReporter -->
<testsuite ignored="0" hostname="AdrianPCGamer" failures="0" tests="5" name="Default test" time="42.266" errors="0" timestamp="2022-12-16T18:22:18 CST">
  <testcase classname="caseTest.BlackPearlTravel" name="SearchBarXbox" time="0.045"/>
  <testcase classname="caseTest.BlackPearlTravel" name="SearchTextMessageEmpty" time="0.049"/>
  <testcase classname="caseTest.BlackPearlTravel" name="SearchIslandResults" time="20.121"/>
  <testcase classname="caseTest.BlackPearlTravel" name="SearchCastlesResult" time="0.082"/>
  <testcase classname="caseTest.BlackPearlTravel" name="SearchPortRoyalResult" time="20.134"/>
</testsuite> <!-- Default test -->
